<?xml version="1.0" encoding="UTF-8"?>
<!-- Generated by org.testng.reporters.JUnitXMLReporter -->
<testsuite hostname="ASUS-PC" ignored="0" name="Demo App test" tests="2" failures="1" timestamp="10 Apr 2018 04:23:26 GMT" time="33.831" errors="0">
  <testcase name="@AfterTest afterTest" time="0.0" classname="testcases.LogOut">
    <failure type="java.lang.NullPointerException">
      <![CDATA[java.lang.NullPointerExceptionat testcases.LogOut.afterTest(LogOut.java:60)... Removed 24 stack frames]]>
    </failure>
  </testcase> <!-- @AfterTest afterTest -->
  <testcase name="@AfterTest afterTest" time="0.0" classname="testcases.LoginHelioAccount">
    <skipped/>
  </testcase> <!-- @AfterTest afterTest -->
  <testcase name="loginHelioAccount" time="13.345" classname="testcases.LoginHelioAccount"/>
  <testcase name="logout" time="0.001" classname="testcases.LogOut">
    <failure type="java.lang.NullPointerException">
      <![CDATA[java.lang.NullPointerExceptionat testcases.LogOut.logout(LogOut.java:46)... Removed 25 stack frames]]>
    </failure>
  </testcase> <!-- logout -->
</testsuite> <!-- Demo App test -->
