<?xml version="1.0" encoding="UTF-8"?>
<testng-results skipped="0" failed="0" ignored="0" total="1" passed="1">
  <reporter-output>
  </reporter-output>
  <suite name="Default suite" duration-ms="75936" started-at="2018-04-24T07:46:37Z" finished-at="2018-04-24T07:47:53Z">
    <groups>
    </groups>
    <test name="Default test" duration-ms="75936" started-at="2018-04-24T07:46:37Z" finished-at="2018-04-24T07:47:53Z">
      <class name="testcases.UpdateThongTinLienLac">
        <test-method status="PASS" signature="beforeTest()[pri:0, instance:testcases.UpdateThongTinLienLac@76707e36]" name="beforeTest" is-config="true" duration-ms="11778" started-at="2018-04-24T14:46:37Z" finished-at="2018-04-24T14:46:49Z">
          <reporter-output>
          </reporter-output>
        </test-method> <!-- beforeTest -->
        <test-method status="PASS" signature="updateThongtinLienLac()[pri:0, instance:testcases.UpdateThongTinLienLac@76707e36]" name="updateThongtinLienLac" duration-ms="60870" started-at="2018-04-24T14:46:49Z" finished-at="2018-04-24T14:47:50Z">
          <reporter-output>
          </reporter-output>
        </test-method> <!-- updateThongtinLienLac -->
        <test-method status="PASS" signature="afterTest()[pri:0, instance:testcases.UpdateThongTinLienLac@76707e36]" name="afterTest" is-config="true" duration-ms="3274" started-at="2018-04-24T14:47:50Z" finished-at="2018-04-24T14:47:53Z">
          <reporter-output>
          </reporter-output>
        </test-method> <!-- afterTest -->
      </class> <!-- testcases.UpdateThongTinLienLac -->
    </test> <!-- Default test -->
  </suite> <!-- Default suite -->
</testng-results>
